<?xml version="1.0" encoding="UTF-8"?>
<!-- Generated by org.testng.reporters.JUnitReportReporter -->
<testsuite skipped="0" hostname="ip-172-31-31-158" name="testcases.LoginTest" tests="1" failures="0" timestamp="2022-12-18T14:58:18 UTC" time="17.932" errors="0">
  <testcase name="testLogin" time="17.932" classname="testcases.LoginTest"/>
  <system-out/>
</testsuite> <!-- testcases.LoginTest -->
