<?xml version="1.0" encoding="UTF-8"?>
<!-- Generated by org.testng.reporters.JUnitReportReporter -->
<testsuite skipped="0" hostname="ip-172-31-31-158" name="testcases.SearchTests" tests="1" failures="0" timestamp="2022-12-18T16:52:05 UTC" time="18.428" errors="0">
  <testcase name="testSearchCourses" time="18.428" classname="testcases.SearchTests"/>
  <system-out/>
</testsuite> <!-- testcases.SearchTests -->
