<?xml version="1.0" encoding="UTF-8"?>
<!-- Generated by org.testng.reporters.JUnitReportReporter -->
<testsuite skipped="0" hostname="ip-172-31-31-158" name="utils.DataUtils" tests="1" failures="0" timestamp="2022-12-18T14:14:15 UTC" time="202.026" errors="0">
  <testcase name="testdataextraction" time="202.026" classname="utils.DataUtils"/>
  <system-out/>
</testsuite> <!-- utils.DataUtils -->
